* using log directory 'C:/Users/win10/SpatialDataR/SpatialDataR.Rcheck'
* using R version 4.4.3 (2025-02-28 ucrt)
* using platform: x86_64-w64-mingw32
* R was compiled by
    gcc.exe (GCC) 13.3.0
    GNU Fortran (GCC) 13.3.0
* running under: Windows 10 x64 (build 19045)
* using session charset: UTF-8
* using options '--no-manual --as-cran'
* checking for file 'SpatialDataR/DESCRIPTION' ... OK
* this is package 'SpatialDataR' version '0.99.0'
* package encoding: UTF-8
* checking CRAN incoming feasibility ... [31s] NOTE
Maintainer: 'Cuiwei Gao <48gaocuiwei@gmail.com>'

New submission
* checking package namespace information ... OK
* checking package dependencies ... NOTE
Packages suggested but not available for checking:
  'pizzarr', 'Rarr', 'arrow', 'terra'
* checking if this is a source package ... OK
* checking if there is a namespace ... OK
* checking for .dll and .exe files ... OK
* checking for hidden files and directories ... NOTE
Found the following hidden files and directories:
  inst/extdata/xenium_mini.zarr/.zattrs
  inst/extdata/xenium_mini.zarr/images/morphology/.zattrs
  inst/extdata/xenium_mini.zarr/images/morphology/scale0/.zarray
  inst/extdata/xenium_mini.zarr/labels/cell_labels/.zattrs
  inst/extdata/xenium_mini.zarr/labels/cell_labels/scale0/.zarray
  inst/extdata/xenium_mini.zarr/points/transcripts/.zattrs
  inst/extdata/xenium_mini.zarr/shapes/cell_boundaries/.zattrs
  inst/extdata/xenium_mini.zarr/tables/table/.zattrs
  inst/extdata/xenium_mini.zarr/tables/table/obs/.zattrs
  inst/extdata/xenium_mini.zarr/tables/table/var/.zattrs
These were most likely included in error. See section 'Package
structure' in the 'Writing R Extensions' manual.

CRAN-pack does not know about
  inst/extdata/xenium_mini.zarr/.zattrs
  inst/extdata/xenium_mini.zarr/images/morphology/.zattrs
  inst/extdata/xenium_mini.zarr/images/morphology/scale0/.zarray
  inst/extdata/xenium_mini.zarr/labels/cell_labels/.zattrs
  inst/extdata/xenium_mini.zarr/labels/cell_labels/scale0/.zarray
  inst/extdata/xenium_mini.zarr/points/transcripts/.zattrs
  inst/extdata/xenium_mini.zarr/shapes/cell_boundaries/.zattrs
  inst/extdata/xenium_mini.zarr/tables/table/.zattrs
  inst/extdata/xenium_mini.zarr/tables/table/obs/.zattrs
  inst/extdata/xenium_mini.zarr/tables/table/var/.zattrs
* checking for portable file names ... OK
* checking whether package 'SpatialDataR' can be installed ... OK
* checking package directory ... OK
* checking for future file timestamps ... NOTE
unable to verify current time
* checking 'build' directory ... OK
* checking DESCRIPTION meta-information ... OK
* checking top-level files ... NOTE
Files 'README.md' or 'NEWS.md' cannot be checked without 'pandoc' being installed.
* checking for left-over files ... OK
* checking index information ... OK
* checking package subdirectories ... OK
* checking code files for non-ASCII characters ... OK
* checking R files for syntax errors ... OK
* checking whether the package can be loaded ... OK
* checking whether the package can be loaded with stated dependencies ... OK
* checking whether the package can be unloaded cleanly ... OK
* checking whether the namespace can be loaded with stated dependencies ... OK
* checking whether the namespace can be unloaded cleanly ... OK
* checking loading without being on the library search path ... OK
* checking use of S3 registration ... OK
* checking dependencies in R code ... OK
* checking S3 generic/method consistency ... OK
* checking replacement functions ... OK
* checking foreign function calls ... OK
* checking R code for possible problems ... OK
* checking Rd files ... OK
* checking Rd metadata ... OK
* checking Rd line widths ... OK
* checking Rd cross-references ... OK
* checking for missing documentation entries ... OK
* checking for code/documentation mismatches ... OK
* checking Rd \usage sections ... OK
* checking Rd contents ... OK
* checking for unstated dependencies in examples ... OK
 WARNING
'qpdf' is needed for checks on size reduction of PDFs
* checking installed files from 'inst/doc' ... OK
* checking files in 'vignettes' ... OK
* checking examples ... OK
* checking for unstated dependencies in 'tests' ... OK
* checking tests ... OK
  Running 'testthat.R'
* checking for unstated dependencies in vignettes ... OK
* checking package vignettes ... OK
* checking re-building of vignette outputs ... OK
* checking for non-standard things in the check directory ... OK
* checking for detritus in the temp directory ... OK
* DONE
Status: 1 WARNING, 5 NOTEs
